 [A26-1417-2f170AT] Elba Test case                                              
   i c			! options                       
 plotting ppd on a full scale 
 reading in covariance matrix 
 >>>> unknown inversion OPTION: 	 <<<<
 >>>> unknown inversion OPTION: 	 <<<<
 >>>> unknown inversion OPTION: 	 <<<<
                    1 2 3 4 5 6 7 8 9 0 1 2 3 4 5 6 7 8 9
                    0 1 2 3 4 5 6 7 8 9 0
 Options:           2 1 0 0 0 0 1 0 0 0 0 0 1 1 0 0 0 0 0 0 0 0 0 0 0 0 0 0 0 1 0 0 0 0 0 0 0 0 0 0
 Options (norm):    0 0 0 0 0 0 0 0 0 0 0 0 0 0 0 0 0 0 0 0 0 0 0 0 0 0 0 0 0 0 0 0 0 0 0 0 0 0 0 0
 Options (isubopt): 0 0 0 0 0 0 0 0 0 0 0 0 0 0 0 0 0 0 0 0 0 0 0 0 0 0 0 0 0 0 0 0 0 0 0 0 0 0 0 0
  Number of forward modelling runs:       20000
  Points in water:          11
  number of receiver depths read          48
  reading ranges in....
 number of ranges           1
 number of bartlett estimators           1
  ncurv=           1 nbart=           1

  parameters to be optimized:
                   physparm     layer  min.val  max.val   del.val   nbit  ndig
  1 Source range (m)         9   1   4500.00   6500.00     15.75    7  128
  2 Source depth (m)         8   1     50.00     90.00      0.31    7  128
  3 Sediment sound speed (   3   1   1450.00   1550.00      0.79    7  128
  4 Sediment sound speed (   3   2   1500.00   1600.00      0.79    7  128
  5 Bottom sound speed (m/  12   1   1550.00   1650.00      0.79    7  128
  6 Water depth (m)          1   1    127.00    128.00      0.01    7  128
  7 Receiver depth (m)      15   1    111.00    113.00      0.02    7  128
  8 Sediment density (g/cm   6   1      1.50      2.00      0.00    7  128
  9 Bottom density (g/cm^3  14   1      1.70      2.20      0.00    7  128
 10 Attenuation (dB/\lambd   4   1      0.00      0.40      0.00    7  128
 11 Attenuation (dB/\lambd   4   2      0.00      0.40      0.00    7  128
 12 Sediment depth (m)      17   1      0.00     10.00      0.08    7  128
 Size of the search space: 10** 25.29
  uses snap as forward model

 Calling SNAP
 flagpu           1
  Frequency:   169.921906    
  R1,R2   1.75000000       1.79999995    
  SCATT(1),SCATT(2)   0.00000000       0.00000000    
  H0,H1   127.00000000000000        2.5000000000000000     
  ND0,ND1          11           2
  BETA(1),BETA(2),BETA(3)  0.129999995      0.150000006       0.00000000    
  c2,c2s   1600.00000       0.00000000    
 z0,c0
  1     0.000  1525.500
  2    56.460  1526.350
  3    60.120  1525.810
  4    66.610  1522.160
  5    70.670  1517.730
  6    77.980  1510.320
  7    86.100  1509.120
  8    93.000  1508.880
  9   101.120  1508.340
 10   120.610  1508.400
 11   127.000  1508.320

 z1,c1
  1     0.000  1520.000
  2     2.500  1580.000

  np           1
  first reciever depth   112.720001    
  ranges   6500.00000    
 number of sources           1
  source depth,i   50.0000000               1
  ndep,rd,rdlow:           48   112.720001       18.7199993    
 arrayshape:    0.00000000       0.00000000       0.00000000       0.00000000       0.00000000    
  multistatic:  F
  tilt:  F
  mbeam:    F
  msource:  F
  iscale:             0
  xplane:             0
 freq,number of modes           1           9

  initial fitness  0.930349410    

  crossover probability      0.800000012    
  mutation  probability       5.00000007E-02
  update    probability      0.500000000    
  number of iterations             2000
  size   of populations              64
  number of populations              10

 freq,number of modes           1           6
 freq,number of modes           1          11
 freq,number of modes           1          10
 freq,number of modes           1           8
 freq,number of modes           1          10
 freq,number of modes           1           8
 freq,number of modes           1           6
 freq,number of modes           1          11
 freq,number of modes           1           9
 freq,number of modes           1           6
 freq,number of modes           1           8
 freq,number of modes           1          10
 freq,number of modes           1           7
 freq,number of modes           1          10
 freq,number of modes           1          11
 freq,number of modes           1          11
 freq,number of modes           1           8
 freq,number of modes           1          11
 freq,number of modes           1          10
  >>> Estimated serial Inversion time:         19.5 secs.
 retuned point   5362.34229       74.2818985       1466.90747       1566.19055       1570.44885       127.603043       111.266258       1.99320245       2.17870784       9.89285763E-03  0.241880372       2.23926473    
 retuned value   4.19529043E-02
  TRIAL EIGENVALUE BEYOND CUTOFF FOR MODE   10
 retuned point   5370.33691       74.7350769       1518.63770       1553.19250       1600.92834       127.005646       111.837440       1.98116660       2.10742044      0.155683711       8.30451101E-02   9.61153793    
 retuned value   3.95027623E-02
  TRIAL EIGENVALUE BEYOND CUTOFF FOR MODE    9
  TRIAL EIGENVALUE BEYOND CUTOFF FOR MODE    9
  TRIAL EIGENVALUE BEYOND CUTOFF FOR MODE    9
 retuned point   5384.75830       74.3691025       1496.84570       1583.18677       1576.24744       127.553024       111.571800       1.84711528       2.06231880       6.35802820E-02  0.318344504       6.01973200    
 retuned value   4.13178019E-02
 retuned point   5351.35645       74.3148422       1451.62329       1548.89917       1565.61035       127.068604       111.080856       1.87213743       2.09976673       3.52139659E-02  0.128128588       1.84964049    
 retuned value   4.19359207E-02
  TRIAL EIGENVALUE BEYOND CUTOFF FOR MODE   10
  TRIAL EIGENVALUE BEYOND CUTOFF FOR MODE    8
  TRIAL EIGENVALUE BEYOND CUTOFF FOR MODE    8
  TRIAL EIGENVALUE BEYOND CUTOFF FOR MODE    8
 retuned point   5379.00586       74.5144272       1525.15344       1531.75745       1574.84143       127.310738       111.230591       1.99917245       2.10949731       3.29710692E-02  0.191032499       5.37511015    
 retuned value   4.11731154E-02
 retuned point   5383.69531       74.4467316       1508.67163       1571.70288       1574.83374       127.464943       111.183220       1.91827774       1.88867223       9.98255834E-02  0.201804116       6.84724236    
 retuned value   4.17337939E-02
  TRIAL EIGENVALUE BEYOND CUTOFF FOR MODE   10
  TRIAL EIGENVALUE BEYOND CUTOFF FOR MODE   11
  TRIAL EIGENVALUE BEYOND CUTOFF FOR MODE   11
  TRIAL EIGENVALUE BEYOND CUTOFF FOR MODE   12
  TRIAL EIGENVALUE BEYOND CUTOFF FOR MODE    9
 retuned point   5352.29736       74.2411041       1495.42676       1569.84021       1575.39832       127.019554       111.115257       1.96446323       1.82514822       6.39264836E-05  0.349596500       5.95912075    
 retuned value   4.08276208E-02
  TRIAL EIGENVALUE BEYOND CUTOFF FOR MODE    8
 retuned point   5384.77539       74.4214325       1502.95850       1555.44617       1570.84875       127.907867       111.353622       1.98566580       2.14661288       4.53399774E-03  0.221730292       2.95737052    
 retuned value   4.12709489E-02
 retuned point   5381.38037       74.5792389       1515.21436       1564.79395       1596.07739       127.252342       112.017372       1.94030428       2.14551806      0.115074478      0.200766534       9.67801952    
 retuned value   3.95188332E-02
  Population          10
  TRIAL EIGENVALUE BEYOND CUTOFF FOR MODE   11
  TRIAL EIGENVALUE BEYOND CUTOFF FOR MODE   11
 retuned point   5394.75586       74.6680832       1476.81812       1567.03491       1573.65662       127.639130       111.687897       1.71790540       1.91029155       7.64222294E-02  0.163196191       3.63567686    
 retuned value   4.20942269E-02

   best of all energy   3.99012417E-02
  best-of all      deviation  
   1  5381.890        -1118.110
   2    74.567           24.567
   3  1516.929           -3.071
   4  1563.780          -16.220
   5  1595.669           -4.331
   6   127.244            0.244
   7   112.055           -0.665
   8     1.953            0.203
   9     2.145            0.345
  10     0.123           -0.007
  11     0.198            0.048
  12     9.764            7.264
 local fit   3.95027623E-02
   1  5370.337        -1129.663
   2    74.735           24.735
   3  1518.638           -1.362
   4  1553.193          -26.807
   5  1600.928            0.928
   6   127.006            0.006
   7   111.837           -0.883
   8     1.981            0.231
   9     2.107            0.307
  10     0.156            0.026
  11     0.083           -0.067
  12     9.612            7.112

 Forward  modelling calls:   20971
  ndep,rd,rdlow:           48   112.720001       18.7199993    
  arrayshape:    0.00000000       0.00000000       0.00000000       0.00000000       0.00000000    
  multistatic:  F
  tilt:  F
  mbeam:    F
  msource:  F
  iscale:             0
  xplane:             0
 Inversion, time:       19.125 secs.
