 South Elba 7freq  9026                                                         
   i p E A  cBO              ! SAGA Optio
 plotting ppd on a full scale 
  plot of best model and the initial model
 Using EOF.... 
 Adding the input values to PPD-plot 
 reading in covariance matrix 
 The covariance is divided by lagest eigenvalue 
  Bartlett powers are summed logarithmically over the frequncies
                    1 2 3 4 5 6 7 8 9 0 1 2 3 4 5 6 7 8 9
                    0 1 2 3 4 5 6 7 8 9 0
 Options:           2 1 0 0 0 0 1 0 0 1 0 0 1 1 0 0 1 1 1 2 0 0 0 0 0 0 0 0 0 1 0 0 0 0 0 0 0 0 0 0
 Options (norm):    0 0 0 0 0 0 0 0 0 0 0 0 0 0 0 0 0 0 0 0 0 0 0 0 0 0 0 0 0 0 0 0 0 0 0 0 0 0 0 0
 Options (isubopt): 0 0 0 0 0 0 0 0 0 0 0 0 0 0 0 0 0 0 0 0 0 0 0 0 0 0 0 0 0 0 0 0 0 0 0 0 0 0 0 0
  Number of forward modelling runs:       40000
  tilt of array is included
  Points in water:          84
  number of receiver depths read          32
  reading ranges in....
 number of ranges           1
 number of bartlett estimators           7
  ncurv=           7 nbart=           7

 The EOF are
       physparm layer  ... shape functions
   1   3  1    1.0  0.0  0.0  0.0  0.0
   2   3  2    1.0  1.0  0.0  0.0  0.0
   3   3  3    1.0  1.0  1.0  0.0  0.0
   4   3  4    1.0  1.0  1.0  1.0  0.0
   5  12  1    1.0  1.0  1.0  1.0  1.0
  The starting values of the EOF amplitudes are:
   1485.00     30.00     30.00     30.00     50.00


  parameters to be optimized:
                   physparm     layer  min.val  max.val   del.val   nbit  ndig
  1 Source range (m)         9   1   7000.00  11000.00     31.50    7  128
  2 Source depth (m)         8   1     65.00     75.00      0.08    7  128
  3 Water depth (m)          1   1    110.00    118.00      0.06    7  128
  4 Array tilt (m)          19   1     -3.00      3.00      0.05    7  128
  5 Receiver depth (m)      15   1     96.00    104.00      0.06    7  128
  6 Shape coefficient       11   1   1460.00   1500.00      0.31    7  128
  7 Shape coefficient       11   2     10.00     50.00      0.31    7  128
  8 Shape coefficient       11   3     10.00     50.00      0.31    7  128
  9 Shape coefficient       11   4     10.00     50.00      0.31    7  128
 10 Attenuation (dB/\lambd   4   1      0.01      0.40      0.00    7  128
 Size of the search space: 10** 21.07
  uses snap as forward model

 Calling SNAP
 flagpu           1
  Frequency:   200.679993       250.488007       314.940002       399.902313       499.511688       629.882019       799.804993    
  R1,R2   1.50000000       1.79999995    
  SCATT(1),SCATT(2)   0.00000000       0.00000000    
  H0,H1   112.50000000000000        20.000000000000000     
  ND0,ND1          84           4
  BETA(1),BETA(2),BETA(3)   5.99999987E-02  0.100000001       0.00000000    
  c2,c2s   1625.00000       0.00000000    
 z0,c0
  1     0.000  1536.112
  2     1.000  1536.112
  3     2.000  1536.112
  4     3.000  1536.112
  5     4.000  1536.112
  6     5.000  1536.112
  7     6.000  1536.112
  8     7.000  1536.112
  9     8.000  1536.107
 10     9.000  1536.092
 11    10.000  1536.069
 12    11.000  1536.053
 13    12.000  1536.051
 14    13.000  1536.044
 15    14.000  1536.031
 16    15.000  1536.014
 17    16.000  1535.988
 18    17.000  1535.869
 19    18.000  1535.347
 20    19.000  1533.925
 21    20.000  1531.052
 22    21.000  1527.354
 23    22.000  1525.077
 24    23.000  1523.717
 25    24.000  1522.720
 26    25.000  1521.696
 27    26.000  1520.710
 28    27.000  1519.914
 29    28.000  1519.252
 30    29.000  1518.571
 31    30.000  1518.011
 32    31.000  1517.558
 33    32.000  1517.176
 34    33.000  1516.824
 35    34.000  1516.515
 36    35.000  1516.244
 37    36.000  1515.969
 38    37.000  1515.736
 39    38.000  1515.478
 40    39.000  1515.228
 41    40.000  1515.013
 42    41.000  1514.797
 43    42.000  1514.539
 44    43.000  1514.278
 45    44.000  1514.027
 46    45.000  1513.801
 47    46.000  1513.577
 48    47.000  1513.381
 49    48.000  1513.200
 50    49.000  1513.037
 51    50.000  1512.889
 52    51.000  1512.741
 53    52.000  1512.602
 54    53.000  1512.478
 55    54.000  1512.362
 56    55.000  1512.238
 57    56.000  1512.106
 58    57.000  1511.973
 59    58.000  1511.842
 60    59.000  1511.721
 61    60.000  1511.616
 62    61.000  1511.504
 63    62.000  1511.391
 64    63.000  1511.287
 65    64.000  1511.208
 66    65.000  1511.129
 67    66.000  1511.042
 68    67.000  1510.948
 69    68.000  1510.850
 70    69.000  1510.749
 71    70.000  1510.663
 72    71.000  1510.583
 73    72.000  1510.528
 74    73.000  1510.479
 75    74.000  1510.420
 76    75.000  1510.362
 77    76.000  1510.294
 78    77.000  1510.229
 79    78.000  1510.164
 80    79.000  1510.101
 81    80.000  1510.028
 82    81.000  1509.955
 83    82.000  1509.888
 84   112.500  1508.800

 z1,c1
  1     0.000  1485.000
  2     5.000  1515.000
  3    10.000  1545.000
  4    20.000  1575.000

  Tilt (m)=   0.00000000    
  np           1
  first reciever depth   99.0000000    
  ranges   9026.00000    
 number of sources           1
  source depth,i   69.0000000               1
  ndep,rd,rdlow:           32   99.0000000       37.0000000    
 arrayshape:    0.00000000       0.00000000       0.00000000       0.00000000       0.00000000    
  multistatic:  F
  tilt:  T
  mbeam:    F
  msource:  F
  iscale:             0
  xplane:             0
 freq,number of modes           1          12
 freq,number of modes           2          15
 freq,number of modes           3          19
 freq,number of modes           4          25
 freq,number of modes           5          25
 freq,number of modes           6          25
 freq,number of modes           7          25

  initial fitness  0.676505566    

  crossover probability      0.800000012    
  mutation  probability       5.00000007E-02
  update    probability      0.500000000    
  number of iterations             2000
  size   of populations              64
  number of populations              20

 freq,number of modes           1          12
 freq,number of modes           2          14
 freq,number of modes           3          18
 freq,number of modes           4          23
  TRIAL EIGENVALUE BEYOND CUTOFF FOR MODE   18
  TRIAL EIGENVALUE BEYOND CUTOFF FOR MODE   23
  >>> Estimated serial Inversion time:        693.4 secs.
  TRIAL EIGENVALUE BEYOND CUTOFF FOR MODE   24
  TRIAL EIGENVALUE BEYOND CUTOFF FOR MODE   19
  TRIAL EIGENVALUE BEYOND CUTOFF FOR MODE   19
  TRIAL EIGENVALUE BEYOND CUTOFF FOR MODE   15
  TRIAL EIGENVALUE BEYOND CUTOFF FOR MODE   22
  TRIAL EIGENVALUE BEYOND CUTOFF FOR MODE   25
  TRIAL EIGENVALUE BEYOND CUTOFF FOR MODE   16
  TRIAL EIGENVALUE BEYOND CUTOFF FOR MODE   15
  TRIAL EIGENVALUE BEYOND CUTOFF FOR MODE   18
  TRIAL EIGENVALUE BEYOND CUTOFF FOR MODE   22
  TRIAL EIGENVALUE BEYOND CUTOFF FOR MODE   24
  TRIAL EIGENVALUE BEYOND CUTOFF FOR MODE   19
  TRIAL EIGENVALUE BEYOND CUTOFF FOR MODE   21
  TRIAL EIGENVALUE BEYOND CUTOFF FOR MODE   16
  TRIAL EIGENVALUE BEYOND CUTOFF FOR MODE   19
  TRIAL EIGENVALUE BEYOND CUTOFF FOR MODE   13
  TRIAL EIGENVALUE BEYOND CUTOFF FOR MODE   19
  TRIAL EIGENVALUE BEYOND CUTOFF FOR MODE   24
  TRIAL EIGENVALUE BEYOND CUTOFF FOR MODE   24
  TRIAL EIGENVALUE BEYOND CUTOFF FOR MODE   12
  TRIAL EIGENVALUE BEYOND CUTOFF FOR MODE   15
  TRIAL EIGENVALUE BEYOND CUTOFF FOR MODE   23
  TRIAL EIGENVALUE BEYOND CUTOFF FOR MODE   12
 retuned point   9351.11523       69.7729874       116.930641     -0.852134943       99.5359650       1474.18555       20.7238903       33.1511879       21.7500076       9.45862457E-02
 retuned value  0.233993456    
  TRIAL EIGENVALUE BEYOND CUTOFF FOR MODE   12
  TRIAL EIGENVALUE BEYOND CUTOFF FOR MODE   23
  TRIAL EIGENVALUE BEYOND CUTOFF FOR MODE   13
  TRIAL EIGENVALUE BEYOND CUTOFF FOR MODE   19
  TRIAL EIGENVALUE BEYOND CUTOFF FOR MODE   14
  TRIAL EIGENVALUE BEYOND CUTOFF FOR MODE   20
  TRIAL EIGENVALUE BEYOND CUTOFF FOR MODE   13
  TRIAL EIGENVALUE BEYOND CUTOFF FOR MODE   13
  TRIAL EIGENVALUE BEYOND CUTOFF FOR MODE   14
  TRIAL EIGENVALUE BEYOND CUTOFF FOR MODE   14
  TRIAL EIGENVALUE BEYOND CUTOFF FOR MODE   18
  TRIAL EIGENVALUE BEYOND CUTOFF FOR MODE   13
  TRIAL EIGENVALUE BEYOND CUTOFF FOR MODE   12
  TRIAL EIGENVALUE BEYOND CUTOFF FOR MODE   12
  TRIAL EIGENVALUE BEYOND CUTOFF FOR MODE   16
 retuned point   9151.21777       68.0569458       115.289680     -0.815017223       99.0310211       1476.23059       19.0249939       32.7851868       10.5608568      0.107778624    
 retuned value  0.227429613    
  TRIAL EIGENVALUE BEYOND CUTOFF FOR MODE   20
  TRIAL EIGENVALUE BEYOND CUTOFF FOR MODE   16
  TRIAL EIGENVALUE BEYOND CUTOFF FOR MODE   15
  TRIAL EIGENVALUE BEYOND CUTOFF FOR MODE   22
  TRIAL EIGENVALUE BEYOND CUTOFF FOR MODE   20
  TRIAL EIGENVALUE BEYOND CUTOFF FOR MODE   14
  TRIAL EIGENVALUE BEYOND CUTOFF FOR MODE   17
  TRIAL EIGENVALUE BEYOND CUTOFF FOR MODE   19
  TRIAL EIGENVALUE BEYOND CUTOFF FOR MODE   21
  TRIAL EIGENVALUE BEYOND CUTOFF FOR MODE   17
  TRIAL EIGENVALUE BEYOND CUTOFF FOR MODE   17
  TRIAL EIGENVALUE BEYOND CUTOFF FOR MODE   13
  TRIAL EIGENVALUE BEYOND CUTOFF FOR MODE   19
  TRIAL EIGENVALUE BEYOND CUTOFF FOR MODE   17
  TRIAL EIGENVALUE BEYOND CUTOFF FOR MODE   18
  TRIAL EIGENVALUE BEYOND CUTOFF FOR MODE   14
  TRIAL EIGENVALUE BEYOND CUTOFF FOR MODE   22
  TRIAL EIGENVALUE BEYOND CUTOFF FOR MODE   14
  TRIAL EIGENVALUE BEYOND CUTOFF FOR MODE   14
  TRIAL EIGENVALUE BEYOND CUTOFF FOR MODE   25
 retuned point   8818.27246       67.0417862       113.041824     -0.408249617       97.5181503       1460.51941       41.5180588       20.0556793       23.3996830       7.02643096E-02
 retuned value  0.211663365    
  TRIAL EIGENVALUE BEYOND CUTOFF FOR MODE   16
  TRIAL EIGENVALUE BEYOND CUTOFF FOR MODE   20
  TRIAL EIGENVALUE BEYOND CUTOFF FOR MODE   14
  TRIAL EIGENVALUE BEYOND CUTOFF FOR MODE   17
  TRIAL EIGENVALUE BEYOND CUTOFF FOR MODE   25
  TRIAL EIGENVALUE BEYOND CUTOFF FOR MODE   19
  TRIAL EIGENVALUE BEYOND CUTOFF FOR MODE   15
  TRIAL EIGENVALUE BEYOND CUTOFF FOR MODE   18
  TRIAL EIGENVALUE BEYOND CUTOFF FOR MODE   14
  TRIAL EIGENVALUE BEYOND CUTOFF FOR MODE   18
  TRIAL EIGENVALUE BEYOND CUTOFF FOR MODE   17
  TRIAL EIGENVALUE BEYOND CUTOFF FOR MODE   19
  TRIAL EIGENVALUE BEYOND CUTOFF FOR MODE   22
  TRIAL EIGENVALUE BEYOND CUTOFF FOR MODE   24
  TRIAL EIGENVALUE BEYOND CUTOFF FOR MODE   14
  TRIAL EIGENVALUE BEYOND CUTOFF FOR MODE   23
  TRIAL EIGENVALUE BEYOND CUTOFF FOR MODE   24
  TRIAL EIGENVALUE BEYOND CUTOFF FOR MODE   18
  TRIAL EIGENVALUE BEYOND CUTOFF FOR MODE   23
  TRIAL EIGENVALUE BEYOND CUTOFF FOR MODE   23
 retuned point   7197.62158       69.1552734       116.975700     -0.721408844       102.804688       1464.86755       13.5960941       42.7797623       23.2510986      0.133583233    
 retuned value  0.235999569    
  TRIAL EIGENVALUE BEYOND CUTOFF FOR MODE   19
  TRIAL EIGENVALUE BEYOND CUTOFF FOR MODE   21
  TRIAL EIGENVALUE BEYOND CUTOFF FOR MODE   16
  TRIAL EIGENVALUE BEYOND CUTOFF FOR MODE   22
  TRIAL EIGENVALUE BEYOND CUTOFF FOR MODE   13
  TRIAL EIGENVALUE BEYOND CUTOFF FOR MODE   21
  TRIAL EIGENVALUE BEYOND CUTOFF FOR MODE   16
  TRIAL EIGENVALUE BEYOND CUTOFF FOR MODE   21
  TRIAL EIGENVALUE BEYOND CUTOFF FOR MODE   24
  TRIAL EIGENVALUE BEYOND CUTOFF FOR MODE   18
  TRIAL EIGENVALUE BEYOND CUTOFF FOR MODE   15
  TRIAL EIGENVALUE BEYOND CUTOFF FOR MODE   14
  TRIAL EIGENVALUE BEYOND CUTOFF FOR MODE   12
  TRIAL EIGENVALUE BEYOND CUTOFF FOR MODE   21
  TRIAL EIGENVALUE BEYOND CUTOFF FOR MODE   21
  TRIAL EIGENVALUE BEYOND CUTOFF FOR MODE   17
  TRIAL EIGENVALUE BEYOND CUTOFF FOR MODE   15
  TRIAL EIGENVALUE BEYOND CUTOFF FOR MODE   20
  TRIAL EIGENVALUE BEYOND CUTOFF FOR MODE   20
  TRIAL EIGENVALUE BEYOND CUTOFF FOR MODE   20
  TRIAL EIGENVALUE BEYOND CUTOFF FOR MODE   19
 retuned point   9136.76953       67.1173477       117.499763      -1.20568407       96.3065262       1469.76550       41.9282112       28.1054211       30.6153755      0.214413583    
 retuned value  0.260325164    
  TRIAL EIGENVALUE BEYOND CUTOFF FOR MODE   20
  TRIAL EIGENVALUE BEYOND CUTOFF FOR MODE   13
  TRIAL EIGENVALUE BEYOND CUTOFF FOR MODE   19
  TRIAL EIGENVALUE BEYOND CUTOFF FOR MODE   20
  TRIAL EIGENVALUE BEYOND CUTOFF FOR MODE   19
  TRIAL EIGENVALUE BEYOND CUTOFF FOR MODE   19
  TRIAL EIGENVALUE BEYOND CUTOFF FOR MODE   12
  TRIAL EIGENVALUE BEYOND CUTOFF FOR MODE   12
  TRIAL EIGENVALUE BEYOND CUTOFF FOR MODE   20
  TRIAL EIGENVALUE BEYOND CUTOFF FOR MODE   20
  TRIAL EIGENVALUE BEYOND CUTOFF FOR MODE   12
  TRIAL EIGENVALUE BEYOND CUTOFF FOR MODE   20
  TRIAL EIGENVALUE BEYOND CUTOFF FOR MODE   12
 retuned point   9304.38086       68.2551117       115.349289     -0.547788620       100.683769       1469.99207       22.6973381       28.8420143       20.9886436       7.06242025E-02
 retuned value  0.213502765    
  TRIAL EIGENVALUE BEYOND CUTOFF FOR MODE   19
  TRIAL EIGENVALUE BEYOND CUTOFF FOR MODE   13
  TRIAL EIGENVALUE BEYOND CUTOFF FOR MODE   13
  TRIAL EIGENVALUE BEYOND CUTOFF FOR MODE   24
  TRIAL EIGENVALUE BEYOND CUTOFF FOR MODE   25
  TRIAL EIGENVALUE BEYOND CUTOFF FOR MODE   13
  TRIAL EIGENVALUE BEYOND CUTOFF FOR MODE   13
  TRIAL EIGENVALUE BEYOND CUTOFF FOR MODE   13
  TRIAL EIGENVALUE BEYOND CUTOFF FOR MODE   20
  TRIAL EIGENVALUE BEYOND CUTOFF FOR MODE   19
  TRIAL EIGENVALUE BEYOND CUTOFF FOR MODE   23
  TRIAL EIGENVALUE BEYOND CUTOFF FOR MODE   25
  TRIAL EIGENVALUE BEYOND CUTOFF FOR MODE   22
  TRIAL EIGENVALUE BEYOND CUTOFF FOR MODE   21
  TRIAL EIGENVALUE BEYOND CUTOFF FOR MODE   13
  TRIAL EIGENVALUE BEYOND CUTOFF FOR MODE   13
  TRIAL EIGENVALUE BEYOND CUTOFF FOR MODE   15
  TRIAL EIGENVALUE BEYOND CUTOFF FOR MODE   15
  TRIAL EIGENVALUE BEYOND CUTOFF FOR MODE   16
  TRIAL EIGENVALUE BEYOND CUTOFF FOR MODE   13
  TRIAL EIGENVALUE BEYOND CUTOFF FOR MODE   12
  TRIAL EIGENVALUE BEYOND CUTOFF FOR MODE   13
  TRIAL EIGENVALUE BEYOND CUTOFF FOR MODE   12
  TRIAL EIGENVALUE BEYOND CUTOFF FOR MODE   16
  TRIAL EIGENVALUE BEYOND CUTOFF FOR MODE   23
  TRIAL EIGENVALUE BEYOND CUTOFF FOR MODE   15
  TRIAL EIGENVALUE BEYOND CUTOFF FOR MODE   16
  TRIAL EIGENVALUE BEYOND CUTOFF FOR MODE   24
 retuned point   8975.74902       67.6596832       116.140770      -1.20848119       96.1555023       1464.23035       44.0796509       31.6848564       27.8285656      0.188327685    
 retuned value  0.256104976    
  TRIAL EIGENVALUE BEYOND CUTOFF FOR MODE   16
  TRIAL EIGENVALUE BEYOND CUTOFF FOR MODE   19
  TRIAL EIGENVALUE BEYOND CUTOFF FOR MODE   24
  TRIAL EIGENVALUE BEYOND CUTOFF FOR MODE   12
  TRIAL EIGENVALUE BEYOND CUTOFF FOR MODE   15
  TRIAL EIGENVALUE BEYOND CUTOFF FOR MODE   12
  TRIAL EIGENVALUE BEYOND CUTOFF FOR MODE   12
  TRIAL EIGENVALUE BEYOND CUTOFF FOR MODE   23
  TRIAL EIGENVALUE BEYOND CUTOFF FOR MODE   22
  TRIAL EIGENVALUE BEYOND CUTOFF FOR MODE   25
  TRIAL EIGENVALUE BEYOND CUTOFF FOR MODE   15
  TRIAL EIGENVALUE BEYOND CUTOFF FOR MODE   18
  TRIAL EIGENVALUE BEYOND CUTOFF FOR MODE   19
  TRIAL EIGENVALUE BEYOND CUTOFF FOR MODE   19
  TRIAL EIGENVALUE BEYOND CUTOFF FOR MODE   19
  TRIAL EIGENVALUE BEYOND CUTOFF FOR MODE   16
  TRIAL EIGENVALUE BEYOND CUTOFF FOR MODE   12
  TRIAL EIGENVALUE BEYOND CUTOFF FOR MODE   22
  TRIAL EIGENVALUE BEYOND CUTOFF FOR MODE   17
 retuned point   8602.58301       66.0485535       110.967819     -0.569506645       96.5394745       1470.28809       26.4339542       27.5868950       20.0793190       7.90048838E-02
 retuned value  0.205532998    
  TRIAL EIGENVALUE BEYOND CUTOFF FOR MODE   16
  TRIAL EIGENVALUE BEYOND CUTOFF FOR MODE   21
  TRIAL EIGENVALUE BEYOND CUTOFF FOR MODE   14
  TRIAL EIGENVALUE BEYOND CUTOFF FOR MODE   25
  TRIAL EIGENVALUE BEYOND CUTOFF FOR MODE   25
  TRIAL EIGENVALUE BEYOND CUTOFF FOR MODE   25
  TRIAL EIGENVALUE BEYOND CUTOFF FOR MODE   24
  TRIAL EIGENVALUE BEYOND CUTOFF FOR MODE   16
  TRIAL EIGENVALUE BEYOND CUTOFF FOR MODE   24
  TRIAL EIGENVALUE BEYOND CUTOFF FOR MODE   17
  TRIAL EIGENVALUE BEYOND CUTOFF FOR MODE   20
  TRIAL EIGENVALUE BEYOND CUTOFF FOR MODE   14
  TRIAL EIGENVALUE BEYOND CUTOFF FOR MODE   13
  TRIAL EIGENVALUE BEYOND CUTOFF FOR MODE   25
  TRIAL EIGENVALUE BEYOND CUTOFF FOR MODE   15
  TRIAL EIGENVALUE BEYOND CUTOFF FOR MODE   19
  TRIAL EIGENVALUE BEYOND CUTOFF FOR MODE   24
  TRIAL EIGENVALUE BEYOND CUTOFF FOR MODE   25
  TRIAL EIGENVALUE BEYOND CUTOFF FOR MODE   25
  TRIAL EIGENVALUE BEYOND CUTOFF FOR MODE   19
  TRIAL EIGENVALUE BEYOND CUTOFF FOR MODE   18
  TRIAL EIGENVALUE BEYOND CUTOFF FOR MODE   12
  TRIAL EIGENVALUE BEYOND CUTOFF FOR MODE   24
  TRIAL EIGENVALUE BEYOND CUTOFF FOR MODE   19
 retuned point   9021.96094       68.3791046       114.663612     -0.899892569       97.6786041       1467.40417       31.0116291       27.0156994       18.7530994       9.30050835E-02
 retuned value  0.221869230    
  Population          10
  TRIAL EIGENVALUE BEYOND CUTOFF FOR MODE   19
  TRIAL EIGENVALUE BEYOND CUTOFF FOR MODE   16
  TRIAL EIGENVALUE BEYOND CUTOFF FOR MODE   20
  TRIAL EIGENVALUE BEYOND CUTOFF FOR MODE   19
  TRIAL EIGENVALUE BEYOND CUTOFF FOR MODE   15
  TRIAL EIGENVALUE BEYOND CUTOFF FOR MODE   19
  TRIAL EIGENVALUE BEYOND CUTOFF FOR MODE   18
  TRIAL EIGENVALUE BEYOND CUTOFF FOR MODE   20
  TRIAL EIGENVALUE BEYOND CUTOFF FOR MODE   18
  TRIAL EIGENVALUE BEYOND CUTOFF FOR MODE   23
  TRIAL EIGENVALUE BEYOND CUTOFF FOR MODE   14
  TRIAL EIGENVALUE BEYOND CUTOFF FOR MODE   18
  TRIAL EIGENVALUE BEYOND CUTOFF FOR MODE   25
  TRIAL EIGENVALUE BEYOND CUTOFF FOR MODE   23
  TRIAL EIGENVALUE BEYOND CUTOFF FOR MODE   15
 retuned point   8862.17188       66.8529968       113.434349     -0.640772820       97.3623352       1466.62488       33.4863663       23.6791019       23.7718353       8.73348862E-02
 retuned value  0.215842515    
  TRIAL EIGENVALUE BEYOND CUTOFF FOR MODE   13
  TRIAL EIGENVALUE BEYOND CUTOFF FOR MODE   23
  TRIAL EIGENVALUE BEYOND CUTOFF FOR MODE   22
  TRIAL EIGENVALUE BEYOND CUTOFF FOR MODE   18
  TRIAL EIGENVALUE BEYOND CUTOFF FOR MODE   20
  TRIAL EIGENVALUE BEYOND CUTOFF FOR MODE   16
  TRIAL EIGENVALUE BEYOND CUTOFF FOR MODE   10
  TRIAL EIGENVALUE BEYOND CUTOFF FOR MODE   21
  TRIAL EIGENVALUE BEYOND CUTOFF FOR MODE   24
  TRIAL EIGENVALUE BEYOND CUTOFF FOR MODE   18
  TRIAL EIGENVALUE BEYOND CUTOFF FOR MODE   24
  TRIAL EIGENVALUE BEYOND CUTOFF FOR MODE   12
  TRIAL EIGENVALUE BEYOND CUTOFF FOR MODE   18
  TRIAL EIGENVALUE BEYOND CUTOFF FOR MODE   25
  TRIAL EIGENVALUE BEYOND CUTOFF FOR MODE   12
  TRIAL EIGENVALUE BEYOND CUTOFF FOR MODE   18
  TRIAL EIGENVALUE BEYOND CUTOFF FOR MODE   18
  TRIAL EIGENVALUE BEYOND CUTOFF FOR MODE   18
  TRIAL EIGENVALUE BEYOND CUTOFF FOR MODE   13
  TRIAL EIGENVALUE BEYOND CUTOFF FOR MODE   12
  TRIAL EIGENVALUE BEYOND CUTOFF FOR MODE   15
  TRIAL EIGENVALUE BEYOND CUTOFF FOR MODE   12
  TRIAL EIGENVALUE BEYOND CUTOFF FOR MODE   12
  TRIAL EIGENVALUE BEYOND CUTOFF FOR MODE   15
  TRIAL EIGENVALUE BEYOND CUTOFF FOR MODE   18
  TRIAL EIGENVALUE BEYOND CUTOFF FOR MODE   14
 retuned point   9285.64355       67.2088013       116.723007     -0.987717867       96.0649261       1475.19360       30.2604351       15.4907684       16.7491379       8.35359395E-02
 retuned value  0.224179402    
  TRIAL EIGENVALUE BEYOND CUTOFF FOR MODE   17
  TRIAL EIGENVALUE BEYOND CUTOFF FOR MODE   18
  TRIAL EIGENVALUE BEYOND CUTOFF FOR MODE   12
  TRIAL EIGENVALUE BEYOND CUTOFF FOR MODE   16
  TRIAL EIGENVALUE BEYOND CUTOFF FOR MODE   15
  TRIAL EIGENVALUE BEYOND CUTOFF FOR MODE   15
  TRIAL EIGENVALUE BEYOND CUTOFF FOR MODE   20
  TRIAL EIGENVALUE BEYOND CUTOFF FOR MODE   16
  TRIAL EIGENVALUE BEYOND CUTOFF FOR MODE   20
  TRIAL EIGENVALUE BEYOND CUTOFF FOR MODE   25
  TRIAL EIGENVALUE BEYOND CUTOFF FOR MODE   13
  TRIAL EIGENVALUE BEYOND CUTOFF FOR MODE   21
  TRIAL EIGENVALUE BEYOND CUTOFF FOR MODE   24
  TRIAL EIGENVALUE BEYOND CUTOFF FOR MODE   25
  TRIAL EIGENVALUE BEYOND CUTOFF FOR MODE   19
  TRIAL EIGENVALUE BEYOND CUTOFF FOR MODE   16
  TRIAL EIGENVALUE BEYOND CUTOFF FOR MODE   25
  TRIAL EIGENVALUE BEYOND CUTOFF FOR MODE   25
  TRIAL EIGENVALUE BEYOND CUTOFF FOR MODE   25
  TRIAL EIGENVALUE BEYOND CUTOFF FOR MODE   25
  TRIAL EIGENVALUE BEYOND CUTOFF FOR MODE   17
  TRIAL EIGENVALUE BEYOND CUTOFF FOR MODE   12
  TRIAL EIGENVALUE BEYOND CUTOFF FOR MODE   14
  TRIAL EIGENVALUE BEYOND CUTOFF FOR MODE   21
  TRIAL EIGENVALUE BEYOND CUTOFF FOR MODE   12
  TRIAL EIGENVALUE BEYOND CUTOFF FOR MODE   14
  TRIAL EIGENVALUE BEYOND CUTOFF FOR MODE   22
 retuned point   8624.99512       65.8189468       111.857841     -0.615380764       96.8028259       1469.31848       26.8829613       37.4021225       11.1747704      0.121321194    
 retuned value  0.222651616    
  TRIAL EIGENVALUE BEYOND CUTOFF FOR MODE   22
  TRIAL EIGENVALUE BEYOND CUTOFF FOR MODE   20
  TRIAL EIGENVALUE BEYOND CUTOFF FOR MODE   18
  TRIAL EIGENVALUE BEYOND CUTOFF FOR MODE   22
  TRIAL EIGENVALUE BEYOND CUTOFF FOR MODE   14
  TRIAL EIGENVALUE BEYOND CUTOFF FOR MODE   16
  TRIAL EIGENVALUE BEYOND CUTOFF FOR MODE   20
  TRIAL EIGENVALUE BEYOND CUTOFF FOR MODE   20
  TRIAL EIGENVALUE BEYOND CUTOFF FOR MODE   20
  TRIAL EIGENVALUE BEYOND CUTOFF FOR MODE   14
  TRIAL EIGENVALUE BEYOND CUTOFF FOR MODE   25
  TRIAL EIGENVALUE BEYOND CUTOFF FOR MODE   20
  TRIAL EIGENVALUE BEYOND CUTOFF FOR MODE   25
  TRIAL EIGENVALUE BEYOND CUTOFF FOR MODE   14
  TRIAL EIGENVALUE BEYOND CUTOFF FOR MODE   16
  TRIAL EIGENVALUE BEYOND CUTOFF FOR MODE   18
  TRIAL EIGENVALUE BEYOND CUTOFF FOR MODE   20
  TRIAL EIGENVALUE BEYOND CUTOFF FOR MODE   16
  TRIAL EIGENVALUE BEYOND CUTOFF FOR MODE   17
  TRIAL EIGENVALUE BEYOND CUTOFF FOR MODE   25
  TRIAL EIGENVALUE BEYOND CUTOFF FOR MODE   13
  TRIAL EIGENVALUE BEYOND CUTOFF FOR MODE   25
  TRIAL EIGENVALUE BEYOND CUTOFF FOR MODE   16
  TRIAL EIGENVALUE BEYOND CUTOFF FOR MODE   19
  TRIAL EIGENVALUE BEYOND CUTOFF FOR MODE   25
  TRIAL EIGENVALUE BEYOND CUTOFF FOR MODE   19
 retuned point   9390.13086       70.0552979       116.173836     -0.748475075       100.366470       1465.76208       28.7779446       26.7981434       15.9330339       5.91456592E-02
 retuned value  0.212874740    
  TRIAL EIGENVALUE BEYOND CUTOFF FOR MODE   13
  TRIAL EIGENVALUE BEYOND CUTOFF FOR MODE   25
  TRIAL EIGENVALUE BEYOND CUTOFF FOR MODE   21
  TRIAL EIGENVALUE BEYOND CUTOFF FOR MODE   25
  TRIAL EIGENVALUE BEYOND CUTOFF FOR MODE   18
  TRIAL EIGENVALUE BEYOND CUTOFF FOR MODE   17
  TRIAL EIGENVALUE BEYOND CUTOFF FOR MODE   20
  TRIAL EIGENVALUE BEYOND CUTOFF FOR MODE   15
  TRIAL EIGENVALUE BEYOND CUTOFF FOR MODE   18
  TRIAL EIGENVALUE BEYOND CUTOFF FOR MODE   23
  TRIAL EIGENVALUE BEYOND CUTOFF FOR MODE   20
  TRIAL EIGENVALUE BEYOND CUTOFF FOR MODE   18
  TRIAL EIGENVALUE BEYOND CUTOFF FOR MODE   15
  TRIAL EIGENVALUE BEYOND CUTOFF FOR MODE   19
 retuned point   8985.38379       67.2195587       115.332687      -1.08635068       96.0179825       1485.60486       11.9682522       48.4029083       11.1889181      0.213821858    
 retuned value  0.248992056    
  TRIAL EIGENVALUE BEYOND CUTOFF FOR MODE   13
  TRIAL EIGENVALUE BEYOND CUTOFF FOR MODE   20
  TRIAL EIGENVALUE BEYOND CUTOFF FOR MODE   21
  TRIAL EIGENVALUE BEYOND CUTOFF FOR MODE   17
  TRIAL EIGENVALUE BEYOND CUTOFF FOR MODE   13
  TRIAL EIGENVALUE BEYOND CUTOFF FOR MODE   21
  TRIAL EIGENVALUE BEYOND CUTOFF FOR MODE   21
  TRIAL EIGENVALUE BEYOND CUTOFF FOR MODE   17
  TRIAL EIGENVALUE BEYOND CUTOFF FOR MODE   14
  TRIAL EIGENVALUE BEYOND CUTOFF FOR MODE   13
  TRIAL EIGENVALUE BEYOND CUTOFF FOR MODE   15
  TRIAL EIGENVALUE BEYOND CUTOFF FOR MODE   14
  TRIAL EIGENVALUE BEYOND CUTOFF FOR MODE   12
  TRIAL EIGENVALUE BEYOND CUTOFF FOR MODE   14
  TRIAL EIGENVALUE BEYOND CUTOFF FOR MODE   23
  TRIAL EIGENVALUE BEYOND CUTOFF FOR MODE   20
  TRIAL EIGENVALUE BEYOND CUTOFF FOR MODE   14
  TRIAL EIGENVALUE BEYOND CUTOFF FOR MODE   15
 retuned point   8824.31641       67.1293106       112.636505     -0.690155268       96.6471634       1467.20959       32.4676323       20.9212837       22.5154533       6.99250996E-02
 retuned value  0.204284310    
  TRIAL EIGENVALUE BEYOND CUTOFF FOR MODE   13
  TRIAL EIGENVALUE BEYOND CUTOFF FOR MODE   11
  TRIAL EIGENVALUE BEYOND CUTOFF FOR MODE   19
  TRIAL EIGENVALUE BEYOND CUTOFF FOR MODE   22
  TRIAL EIGENVALUE BEYOND CUTOFF FOR MODE   22
  TRIAL EIGENVALUE BEYOND CUTOFF FOR MODE   21
  TRIAL EIGENVALUE BEYOND CUTOFF FOR MODE   14
  TRIAL EIGENVALUE BEYOND CUTOFF FOR MODE   25
  TRIAL EIGENVALUE BEYOND CUTOFF FOR MODE   20
  TRIAL EIGENVALUE BEYOND CUTOFF FOR MODE   23
  TRIAL EIGENVALUE BEYOND CUTOFF FOR MODE   24
  TRIAL EIGENVALUE BEYOND CUTOFF FOR MODE   14
  TRIAL EIGENVALUE BEYOND CUTOFF FOR MODE   14
  TRIAL EIGENVALUE BEYOND CUTOFF FOR MODE   16
  TRIAL EIGENVALUE BEYOND CUTOFF FOR MODE   21
  TRIAL EIGENVALUE BEYOND CUTOFF FOR MODE   14
  TRIAL EIGENVALUE BEYOND CUTOFF FOR MODE   23
  TRIAL EIGENVALUE BEYOND CUTOFF FOR MODE   18
 retuned point   9250.67969       69.1227264       117.048050      -1.21555197       96.5073090       1462.18079       47.0308037       11.6170216       14.8199120       7.44515285E-02
 retuned value  0.224734008    
  TRIAL EIGENVALUE BEYOND CUTOFF FOR MODE   24
  TRIAL EIGENVALUE BEYOND CUTOFF FOR MODE   12
  TRIAL EIGENVALUE BEYOND CUTOFF FOR MODE   25
  TRIAL EIGENVALUE BEYOND CUTOFF FOR MODE   25
  TRIAL EIGENVALUE BEYOND CUTOFF FOR MODE   20
  TRIAL EIGENVALUE BEYOND CUTOFF FOR MODE   16
  TRIAL EIGENVALUE BEYOND CUTOFF FOR MODE   13
  TRIAL EIGENVALUE BEYOND CUTOFF FOR MODE   13
  TRIAL EIGENVALUE BEYOND CUTOFF FOR MODE   13
  TRIAL EIGENVALUE BEYOND CUTOFF FOR MODE   12
  TRIAL EIGENVALUE BEYOND CUTOFF FOR MODE   21
  TRIAL EIGENVALUE BEYOND CUTOFF FOR MODE   20
  TRIAL EIGENVALUE BEYOND CUTOFF FOR MODE   14
  TRIAL EIGENVALUE BEYOND CUTOFF FOR MODE   17
  TRIAL EIGENVALUE BEYOND CUTOFF FOR MODE   16
  TRIAL EIGENVALUE BEYOND CUTOFF FOR MODE   14
  TRIAL EIGENVALUE BEYOND CUTOFF FOR MODE   19
  TRIAL EIGENVALUE BEYOND CUTOFF FOR MODE   16
  TRIAL EIGENVALUE BEYOND CUTOFF FOR MODE   13
 retuned point   9058.12891       69.5867462       114.047836      -1.68689144       97.7637253       1461.18018       25.8487320       45.5629883       27.2150612      0.103666589    
 retuned value  0.233430475    
  TRIAL EIGENVALUE BEYOND CUTOFF FOR MODE   21
  TRIAL EIGENVALUE BEYOND CUTOFF FOR MODE   18
  TRIAL EIGENVALUE BEYOND CUTOFF FOR MODE   21
  TRIAL EIGENVALUE BEYOND CUTOFF FOR MODE   12
  TRIAL EIGENVALUE BEYOND CUTOFF FOR MODE   23
  TRIAL EIGENVALUE BEYOND CUTOFF FOR MODE   19
  TRIAL EIGENVALUE BEYOND CUTOFF FOR MODE   25
  TRIAL EIGENVALUE BEYOND CUTOFF FOR MODE   24
  TRIAL EIGENVALUE BEYOND CUTOFF FOR MODE   12
  TRIAL EIGENVALUE BEYOND CUTOFF FOR MODE   21
  TRIAL EIGENVALUE BEYOND CUTOFF FOR MODE   19
  TRIAL EIGENVALUE BEYOND CUTOFF FOR MODE   23
 retuned point   8947.38086       67.8767853       111.872383     -0.868167639       98.5735703       1474.84155       11.0402794       37.2743034       16.8329449       6.68874159E-02
 retuned value  0.208162919    
  TRIAL EIGENVALUE BEYOND CUTOFF FOR MODE   13
  TRIAL EIGENVALUE BEYOND CUTOFF FOR MODE   13
  TRIAL EIGENVALUE BEYOND CUTOFF FOR MODE   25
  TRIAL EIGENVALUE BEYOND CUTOFF FOR MODE   14
  TRIAL EIGENVALUE BEYOND CUTOFF FOR MODE   15
  TRIAL EIGENVALUE BEYOND CUTOFF FOR MODE   21
  TRIAL EIGENVALUE BEYOND CUTOFF FOR MODE   25
  TRIAL EIGENVALUE BEYOND CUTOFF FOR MODE   12
  TRIAL EIGENVALUE BEYOND CUTOFF FOR MODE   15
  TRIAL EIGENVALUE BEYOND CUTOFF FOR MODE   18
  TRIAL EIGENVALUE BEYOND CUTOFF FOR MODE   14
  TRIAL EIGENVALUE BEYOND CUTOFF FOR MODE   12
  TRIAL EIGENVALUE BEYOND CUTOFF FOR MODE   14
  TRIAL EIGENVALUE BEYOND CUTOFF FOR MODE   14
  TRIAL EIGENVALUE BEYOND CUTOFF FOR MODE   20
  TRIAL EIGENVALUE BEYOND CUTOFF FOR MODE   20
  TRIAL EIGENVALUE BEYOND CUTOFF FOR MODE   20
  TRIAL EIGENVALUE BEYOND CUTOFF FOR MODE   19
  TRIAL EIGENVALUE BEYOND CUTOFF FOR MODE   25
  TRIAL EIGENVALUE BEYOND CUTOFF FOR MODE   19
  TRIAL EIGENVALUE BEYOND CUTOFF FOR MODE   11
  TRIAL EIGENVALUE BEYOND CUTOFF FOR MODE   18
  TRIAL EIGENVALUE BEYOND CUTOFF FOR MODE   17
  TRIAL EIGENVALUE BEYOND CUTOFF FOR MODE   24
 retuned point   9367.63965       68.6461792       117.399002     -0.817711115       98.5591812       1467.19299       37.2794991       16.9622269       13.2996588       6.72748014E-02
 retuned value  0.223437101    
  Population          20
  TRIAL EIGENVALUE BEYOND CUTOFF FOR MODE   20
  TRIAL EIGENVALUE BEYOND CUTOFF FOR MODE   17
  TRIAL EIGENVALUE BEYOND CUTOFF FOR MODE   16
  TRIAL EIGENVALUE BEYOND CUTOFF FOR MODE   16
  TRIAL EIGENVALUE BEYOND CUTOFF FOR MODE   25
  TRIAL EIGENVALUE BEYOND CUTOFF FOR MODE   21
  TRIAL EIGENVALUE BEYOND CUTOFF FOR MODE   20
  TRIAL EIGENVALUE BEYOND CUTOFF FOR MODE   13
  TRIAL EIGENVALUE BEYOND CUTOFF FOR MODE   25
  TRIAL EIGENVALUE BEYOND CUTOFF FOR MODE   18
  TRIAL EIGENVALUE BEYOND CUTOFF FOR MODE   20
  TRIAL EIGENVALUE BEYOND CUTOFF FOR MODE   20
  TRIAL EIGENVALUE BEYOND CUTOFF FOR MODE   19
  TRIAL EIGENVALUE BEYOND CUTOFF FOR MODE   24
  TRIAL EIGENVALUE BEYOND CUTOFF FOR MODE   17
  TRIAL EIGENVALUE BEYOND CUTOFF FOR MODE   20
  TRIAL EIGENVALUE BEYOND CUTOFF FOR MODE   17
  TRIAL EIGENVALUE BEYOND CUTOFF FOR MODE   17
  TRIAL EIGENVALUE BEYOND CUTOFF FOR MODE   20
  TRIAL EIGENVALUE BEYOND CUTOFF FOR MODE   20
  TRIAL EIGENVALUE BEYOND CUTOFF FOR MODE   13
  TRIAL EIGENVALUE BEYOND CUTOFF FOR MODE   21
  TRIAL EIGENVALUE BEYOND CUTOFF FOR MODE   21
  TRIAL EIGENVALUE BEYOND CUTOFF FOR MODE   14
  TRIAL EIGENVALUE BEYOND CUTOFF FOR MODE   23
  TRIAL EIGENVALUE BEYOND CUTOFF FOR MODE   13
  TRIAL EIGENVALUE BEYOND CUTOFF FOR MODE   12
  TRIAL EIGENVALUE BEYOND CUTOFF FOR MODE   21
 retuned point   9221.82520       67.5258713       117.465721      -1.23926759       96.8527298       1479.14612       25.4507732       30.9569912       41.6402664      0.218877524    
 retuned value  0.257079542    

   best of all energy  0.209316269    
  best-of all      deviation  
   1  8952.756          -73.244
   2    67.913           -1.087
   3   111.890           -0.610
   4    -0.921           -0.921
   5    98.583           -0.417
   6  1474.803          -10.197
   7    10.945          -19.055
   8    37.402            7.402
   9    16.614          -13.386
  10     0.065            0.005
 local fit  0.204284310    
   1  8824.316         -201.684
   2    67.129           -1.871
   3   112.637            0.137
   4    -0.690           -0.690
   5    96.647           -2.353
   6  1467.210          -17.790
   7    32.468            2.468
   8    20.921           -9.079
   9    22.515           -7.485
  10     0.070            0.010

 Forward  modelling calls:   41664
  ndep,rd,rdlow:           32   99.0000000       37.0000000    
  arrayshape:    0.00000000       0.00000000       0.00000000       0.00000000       0.00000000    
  multistatic:  F
  tilt:  T
  mbeam:    F
  msource:  F
  iscale:             0
  xplane:             0
 Inversion, time:      729.031 secs.
